02:26:59 [main] Context - Creating bitcoinj 0.15.10 context.
02:26:59 [main] WalletApplication - === starting app using flavor: prod, build type: release, network: org.bitcoin.production
02:26:59 [main] WalletApplication - created notification channels, took 8.346 ms
02:26:59 [main] BootstrapReceiver - got broadcast: Intent { act=android.intent.action.BOOT_COMPLETED flg=0x89000010 cmp=de.schildbach.wallet/.service.BootstrapReceiver (has extras) }
02:26:59 [AsyncTask #1] StartBlockchainService - last used 4098 minutes ago and expecting large data, rescheduling block chain sync in roughly 720 minutes
04:44:03 [main] Context - Creating bitcoinj 0.15.10 context.
04:44:03 [main] WalletApplication - === starting app using flavor: prod, build type: release, network: org.bitcoin.production
04:44:03 [main] WalletApplication - created notification channels, took 6.563 ms
04:44:03 [main] BootstrapReceiver - got broadcast: Intent { act=android.intent.action.BOOT_COMPLETED flg=0x89000010 cmp=de.schildbach.wallet/.service.BootstrapReceiver (has extras) }
04:44:03 [AsyncTask #1] StartBlockchainService - last used 4235 minutes ago and expecting large data, rescheduling block chain sync in roughly 720 minutes
05:26:15 [main] Context - Creating bitcoinj 0.15.10 context.
05:26:15 [main] WalletApplication - === starting app using flavor: prod, build type: release, network: org.bitcoin.production
05:26:15 [main] WalletApplication - created notification channels, took 16.22 ms
05:26:15 [main] BootstrapReceiver - got broadcast: Intent { act=android.intent.action.BOOT_COMPLETED flg=0x89000010 cmp=de.schildbach.wallet/.service.BootstrapReceiver (has extras) }
05:26:15 [AsyncTask #1] StartBlockchainService - last used 4277 minutes ago and expecting large data, rescheduling block chain sync in roughly 720 minutes
07:09:02 [main] Context - Creating bitcoinj 0.15.10 context.
07:09:02 [main] WalletApplication - === starting app using flavor: prod, build type: release, network: org.bitcoin.production
07:09:02 [main] WalletApplication - created notification channels, took 6.591 ms
07:09:02 [main] BootstrapReceiver - got broadcast: Intent { act=android.intent.action.BOOT_COMPLETED flg=0x89000010 cmp=de.schildbach.wallet/.service.BootstrapReceiver (has extras) }
07:09:02 [AsyncTask #1] StartBlockchainService - last used 4380 minutes ago and expecting large data, rescheduling block chain sync in roughly 720 minutes
